

================================================================
== Vivado HLS Report for 'lstm_tail'
================================================================
* Date:           Fri Apr 16 09:47:59 2021

* Version:        2019.2 (Build 2704478 on Wed Nov 06 22:10:23 MST 2019)
* Project:        myproject_prj
* Solution:       solution1
* Product family: kintexu
* Target device:  xcku115-flvb2104-2-i


================================================================
== Performance Estimates
================================================================
+ Timing: 
    * Summary: 
    +--------+---------+----------+------------+
    |  Clock |  Target | Estimated| Uncertainty|
    +--------+---------+----------+------------+
    |ap_clk  | 5.00 ns | 3.570 ns |   0.62 ns  |
    +--------+---------+----------+------------+

+ Latency: 
    * Summary: 
    +---------+---------+-----------+-----------+-----+-----+----------+
    |  Latency (cycles) |   Latency (absolute)  |  Interval | Pipeline |
    |   min   |   max   |    min    |    max    | min | max |   Type   |
    +---------+---------+-----------+-----------+-----+-----+----------+
    |        2|        2| 10.000 ns | 10.000 ns |    1|    1| function |
    +---------+---------+-----------+-----------+-----+-----+----------+

    + Detail: 
        * Instance: 
        +-----------------------------+-----------+---------+---------+----------+----------+-----+-----+----------+
        |                             |           |  Latency (cycles) |  Latency (absolute) |  Interval | Pipeline |
        |           Instance          |   Module  |   min   |   max   |    min   |    max   | min | max |   Type   |
        +-----------------------------+-----------+---------+---------+----------+----------+-----+-----+----------+
        |call_ret_hard_tanh_fu_23483  |hard_tanh  |        0|        0|   0 ns   |   0 ns   |    1|    1| function |
        +-----------------------------+-----------+---------+---------+----------+----------+-----+-----+----------+

        * Loop: 
        N/A



================================================================
== Utilization Estimates
================================================================
* Summary: 
+---------------------+---------+-------+---------+--------+-----+
|         Name        | BRAM_18K| DSP48E|    FF   |   LUT  | URAM|
+---------------------+---------+-------+---------+--------+-----+
|DSP                  |        -|      -|        -|       -|    -|
|Expression           |        -|     96|        0|    1120|    -|
|FIFO                 |        -|      -|        -|       -|    -|
|Instance             |        -|      -|        0|    1792|    -|
|Memory               |        -|      -|        -|       -|    -|
|Multiplexer          |        -|      -|        -|     576|    -|
|Register             |        -|      -|     6657|       -|    -|
+---------------------+---------+-------+---------+--------+-----+
|Total                |        0|     96|     6657|    3488|    0|
+---------------------+---------+-------+---------+--------+-----+
|Available SLR        |     2160|   2760|   663360|  331680|    0|
+---------------------+---------+-------+---------+--------+-----+
|Utilization SLR (%)  |        0|      3|        1|       1|  100|
+---------------------+---------+-------+---------+--------+-----+
|Available            |     4320|   5520|  1326720|  663360|    0|
+---------------------+---------+-------+---------+--------+-----+
|Utilization (%)      |        0|      1|    ~0   |   ~0   |    0|
+---------------------+---------+-------+---------+--------+-----+

+ Detail: 
    * Instance: 
    +-----------------------------+-----------+---------+-------+---+------+-----+
    |           Instance          |   Module  | BRAM_18K| DSP48E| FF|  LUT | URAM|
    +-----------------------------+-----------+---------+-------+---+------+-----+
    |call_ret_hard_tanh_fu_23483  |hard_tanh  |        0|      0|  0|  1792|    0|
    +-----------------------------+-----------+---------+-------+---+------+-----+
    |Total                        |           |        0|      0|  0|  1792|    0|
    +-----------------------------+-----------+---------+-------+---+------+-----+

    * DSP48E: 
    N/A

    * Memory: 
    N/A

    * FIFO: 
    N/A

    * Expression: 
    +---------------------------+----------+-------+---+----+------------+------------+
    |       Variable Name       | Operation| DSP48E| FF| LUT| Bitwidth P0| Bitwidth P1|
    +---------------------------+----------+-------+---+----+------------+------------+
    |mul_ln1118_10_fu_1310_p2   |     *    |      1|  0|   4|          16|          16|
    |mul_ln1118_11_fu_1326_p2   |     *    |      1|  0|   4|          16|          16|
    |mul_ln1118_12_fu_1355_p2   |     *    |      1|  0|   4|          16|          16|
    |mul_ln1118_13_fu_1337_p2   |     *    |      1|  0|   4|          16|          16|
    |mul_ln1118_14_fu_1360_p2   |     *    |      1|  0|   4|          16|          16|
    |mul_ln1118_15_fu_1387_p2   |     *    |      1|  0|   4|          16|          16|
    |mul_ln1118_16_fu_1319_p2   |     *    |      1|  0|   4|          16|          16|
    |mul_ln1118_17_fu_1334_p2   |     *    |      1|  0|   4|          16|          16|
    |mul_ln1118_18_fu_1338_p2   |     *    |      1|  0|   4|          16|          16|
    |mul_ln1118_19_fu_1323_p2   |     *    |      1|  0|   4|          16|          16|
    |mul_ln1118_1_fu_1361_p2    |     *    |      1|  0|   4|          16|          16|
    |mul_ln1118_20_fu_1322_p2   |     *    |      1|  0|   4|          16|          16|
    |mul_ln1118_21_fu_1354_p2   |     *    |      1|  0|   4|          16|          16|
    |mul_ln1118_22_fu_1383_p2   |     *    |      1|  0|   4|          16|          16|
    |mul_ln1118_23_fu_1398_p2   |     *    |      1|  0|   4|          16|          16|
    |mul_ln1118_24_fu_1353_p2   |     *    |      1|  0|   4|          16|          16|
    |mul_ln1118_25_fu_1350_p2   |     *    |      1|  0|   4|          16|          16|
    |mul_ln1118_26_fu_1333_p2   |     *    |      1|  0|   4|          16|          16|
    |mul_ln1118_27_fu_1339_p2   |     *    |      1|  0|   4|          16|          16|
    |mul_ln1118_28_fu_1347_p2   |     *    |      1|  0|   4|          16|          16|
    |mul_ln1118_29_fu_1346_p2   |     *    |      1|  0|   4|          16|          16|
    |mul_ln1118_2_fu_1367_p2    |     *    |      1|  0|   4|          16|          16|
    |mul_ln1118_30_fu_1308_p2   |     *    |      1|  0|   4|          16|          16|
    |mul_ln1118_31_fu_1309_p2   |     *    |      1|  0|   4|          16|          16|
    |mul_ln1118_32_fu_1312_p2   |     *    |      1|  0|   4|          16|          16|
    |mul_ln1118_33_fu_1370_p2   |     *    |      1|  0|   4|          16|          16|
    |mul_ln1118_34_fu_1382_p2   |     *    |      1|  0|   4|          16|          16|
    |mul_ln1118_35_fu_1315_p2   |     *    |      1|  0|   4|          16|          16|
    |mul_ln1118_36_fu_1395_p2   |     *    |      1|  0|   4|          16|          16|
    |mul_ln1118_37_fu_1401_p2   |     *    |      1|  0|   4|          16|          16|
    |mul_ln1118_38_fu_1391_p2   |     *    |      1|  0|   4|          16|          16|
    |mul_ln1118_39_fu_1318_p2   |     *    |      1|  0|   4|          16|          16|
    |mul_ln1118_3_fu_1356_p2    |     *    |      1|  0|   4|          16|          16|
    |mul_ln1118_40_fu_1311_p2   |     *    |      1|  0|   4|          16|          16|
    |mul_ln1118_41_fu_1396_p2   |     *    |      1|  0|   4|          16|          16|
    |mul_ln1118_42_fu_1380_p2   |     *    |      1|  0|   4|          16|          16|
    |mul_ln1118_43_fu_1384_p2   |     *    |      1|  0|   4|          16|          16|
    |mul_ln1118_44_fu_1386_p2   |     *    |      1|  0|   4|          16|          16|
    |mul_ln1118_45_fu_1389_p2   |     *    |      1|  0|   4|          16|          16|
    |mul_ln1118_46_fu_1307_p2   |     *    |      1|  0|   4|          16|          16|
    |mul_ln1118_47_fu_1343_p2   |     *    |      1|  0|   4|          16|          16|
    |mul_ln1118_48_fu_1349_p2   |     *    |      1|  0|   4|          16|          16|
    |mul_ln1118_49_fu_1394_p2   |     *    |      1|  0|   4|          16|          16|
    |mul_ln1118_4_fu_1364_p2    |     *    |      1|  0|   4|          16|          16|
    |mul_ln1118_50_fu_1390_p2   |     *    |      1|  0|   4|          16|          16|
    |mul_ln1118_51_fu_1397_p2   |     *    |      1|  0|   4|          16|          16|
    |mul_ln1118_52_fu_1366_p2   |     *    |      1|  0|   4|          16|          16|
    |mul_ln1118_53_fu_1372_p2   |     *    |      1|  0|   4|          16|          16|
    |mul_ln1118_54_fu_1331_p2   |     *    |      1|  0|   4|          16|          16|
    |mul_ln1118_55_fu_1377_p2   |     *    |      1|  0|   4|          16|          16|
    |mul_ln1118_56_fu_1332_p2   |     *    |      1|  0|   4|          16|          16|
    |mul_ln1118_57_fu_1352_p2   |     *    |      1|  0|   4|          16|          16|
    |mul_ln1118_58_fu_1321_p2   |     *    |      1|  0|   4|          16|          16|
    |mul_ln1118_59_fu_1363_p2   |     *    |      1|  0|   4|          16|          16|
    |mul_ln1118_5_fu_1357_p2    |     *    |      1|  0|   4|          16|          16|
    |mul_ln1118_60_fu_1393_p2   |     *    |      1|  0|   4|          16|          16|
    |mul_ln1118_61_fu_1325_p2   |     *    |      1|  0|   4|          16|          16|
    |mul_ln1118_62_fu_1373_p2   |     *    |      1|  0|   4|          16|          16|
    |mul_ln1118_63_fu_1317_p2   |     *    |      1|  0|   4|          16|          16|
    |mul_ln1118_64_fu_1348_p2   |     *    |      1|  0|   4|          16|          16|
    |mul_ln1118_65_fu_1369_p2   |     *    |      1|  0|   4|          16|          16|
    |mul_ln1118_66_fu_1344_p2   |     *    |      1|  0|   4|          16|          16|
    |mul_ln1118_67_fu_1365_p2   |     *    |      1|  0|   4|          16|          16|
    |mul_ln1118_68_fu_1327_p2   |     *    |      1|  0|   4|          16|          16|
    |mul_ln1118_69_fu_1381_p2   |     *    |      1|  0|   4|          16|          16|
    |mul_ln1118_6_fu_1340_p2    |     *    |      1|  0|   4|          16|          16|
    |mul_ln1118_70_fu_1374_p2   |     *    |      1|  0|   4|          16|          16|
    |mul_ln1118_71_fu_1375_p2   |     *    |      1|  0|   4|          16|          16|
    |mul_ln1118_72_fu_1399_p2   |     *    |      1|  0|   4|          16|          16|
    |mul_ln1118_73_fu_1316_p2   |     *    |      1|  0|   4|          16|          16|
    |mul_ln1118_74_fu_1330_p2   |     *    |      1|  0|   4|          16|          16|
    |mul_ln1118_75_fu_1392_p2   |     *    |      1|  0|   4|          16|          16|
    |mul_ln1118_76_fu_1328_p2   |     *    |      1|  0|   4|          16|          16|
    |mul_ln1118_77_fu_1371_p2   |     *    |      1|  0|   4|          16|          16|
    |mul_ln1118_78_fu_1306_p2   |     *    |      1|  0|   4|          16|          16|
    |mul_ln1118_79_fu_1368_p2   |     *    |      1|  0|   4|          16|          16|
    |mul_ln1118_7_fu_1376_p2    |     *    |      1|  0|   4|          16|          16|
    |mul_ln1118_80_fu_1314_p2   |     *    |      1|  0|   4|          16|          16|
    |mul_ln1118_81_fu_1329_p2   |     *    |      1|  0|   4|          16|          16|
    |mul_ln1118_82_fu_1359_p2   |     *    |      1|  0|   4|          16|          16|
    |mul_ln1118_83_fu_1379_p2   |     *    |      1|  0|   4|          16|          16|
    |mul_ln1118_84_fu_1341_p2   |     *    |      1|  0|   4|          16|          16|
    |mul_ln1118_85_fu_1320_p2   |     *    |      1|  0|   4|          16|          16|
    |mul_ln1118_86_fu_1313_p2   |     *    |      1|  0|   4|          16|          16|
    |mul_ln1118_87_fu_1400_p2   |     *    |      1|  0|   4|          16|          16|
    |mul_ln1118_88_fu_1388_p2   |     *    |      1|  0|   4|          16|          16|
    |mul_ln1118_89_fu_1362_p2   |     *    |      1|  0|   4|          16|          16|
    |mul_ln1118_8_fu_1335_p2    |     *    |      1|  0|   4|          16|          16|
    |mul_ln1118_90_fu_1336_p2   |     *    |      1|  0|   4|          16|          16|
    |mul_ln1118_91_fu_1385_p2   |     *    |      1|  0|   4|          16|          16|
    |mul_ln1118_92_fu_1342_p2   |     *    |      1|  0|   4|          16|          16|
    |mul_ln1118_93_fu_1345_p2   |     *    |      1|  0|   4|          16|          16|
    |mul_ln1118_94_fu_1324_p2   |     *    |      1|  0|   4|          16|          16|
    |mul_ln1118_95_fu_1358_p2   |     *    |      1|  0|   4|          16|          16|
    |mul_ln1118_9_fu_1351_p2    |     *    |      1|  0|   4|          16|          16|
    |mul_ln1118_fu_1378_p2      |     *    |      1|  0|   4|          16|          16|
    |add_ln703_100_fu_24854_p2  |     +    |      0|  0|  23|          16|          16|
    |add_ln703_101_fu_24859_p2  |     +    |      0|  0|  23|          16|          16|
    |add_ln703_102_fu_24864_p2  |     +    |      0|  0|  23|          16|          16|
    |add_ln703_103_fu_24869_p2  |     +    |      0|  0|  23|          16|          16|
    |add_ln703_104_fu_24874_p2  |     +    |      0|  0|  23|          16|          16|
    |add_ln703_105_fu_24879_p2  |     +    |      0|  0|  23|          16|          16|
    |add_ln703_106_fu_24884_p2  |     +    |      0|  0|  23|          16|          16|
    |add_ln703_107_fu_24889_p2  |     +    |      0|  0|  23|          16|          16|
    |add_ln703_108_fu_24894_p2  |     +    |      0|  0|  23|          16|          16|
    |add_ln703_109_fu_24899_p2  |     +    |      0|  0|  23|          16|          16|
    |add_ln703_110_fu_24904_p2  |     +    |      0|  0|  23|          16|          16|
    |add_ln703_111_fu_24909_p2  |     +    |      0|  0|  23|          16|          16|
    |add_ln703_112_fu_24914_p2  |     +    |      0|  0|  23|          16|          16|
    |add_ln703_113_fu_24919_p2  |     +    |      0|  0|  23|          16|          16|
    |add_ln703_114_fu_24924_p2  |     +    |      0|  0|  23|          16|          16|
    |add_ln703_115_fu_24929_p2  |     +    |      0|  0|  23|          16|          16|
    |add_ln703_116_fu_24934_p2  |     +    |      0|  0|  23|          16|          16|
    |add_ln703_117_fu_24939_p2  |     +    |      0|  0|  23|          16|          16|
    |add_ln703_118_fu_24944_p2  |     +    |      0|  0|  23|          16|          16|
    |add_ln703_119_fu_24949_p2  |     +    |      0|  0|  23|          16|          16|
    |add_ln703_120_fu_24954_p2  |     +    |      0|  0|  23|          16|          16|
    |add_ln703_90_fu_24804_p2   |     +    |      0|  0|  23|          16|          16|
    |add_ln703_91_fu_24809_p2   |     +    |      0|  0|  23|          16|          16|
    |add_ln703_92_fu_24814_p2   |     +    |      0|  0|  23|          16|          16|
    |add_ln703_93_fu_24819_p2   |     +    |      0|  0|  23|          16|          16|
    |add_ln703_94_fu_24824_p2   |     +    |      0|  0|  23|          16|          16|
    |add_ln703_95_fu_24829_p2   |     +    |      0|  0|  23|          16|          16|
    |add_ln703_96_fu_24834_p2   |     +    |      0|  0|  23|          16|          16|
    |add_ln703_97_fu_24839_p2   |     +    |      0|  0|  23|          16|          16|
    |add_ln703_98_fu_24844_p2   |     +    |      0|  0|  23|          16|          16|
    |add_ln703_99_fu_24849_p2   |     +    |      0|  0|  23|          16|          16|
    |add_ln703_fu_24799_p2      |     +    |      0|  0|  23|          16|          16|
    +---------------------------+----------+-------+---+----+------------+------------+
    |Total                      |          |     96|  0|1120|        2048|        2048|
    +---------------------------+----------+-------+---+----+------------+------------+

    * Multiplexer: 
    +--------------+----+-----------+-----+-----------+
    |     Name     | LUT| Input Size| Bits| Total Bits|
    +--------------+----+-----------+-----+-----------+
    |ap_return_0   |   9|          2|   16|         32|
    |ap_return_1   |   9|          2|   16|         32|
    |ap_return_10  |   9|          2|   16|         32|
    |ap_return_11  |   9|          2|   16|         32|
    |ap_return_12  |   9|          2|   16|         32|
    |ap_return_13  |   9|          2|   16|         32|
    |ap_return_14  |   9|          2|   16|         32|
    |ap_return_15  |   9|          2|   16|         32|
    |ap_return_16  |   9|          2|   16|         32|
    |ap_return_17  |   9|          2|   16|         32|
    |ap_return_18  |   9|          2|   16|         32|
    |ap_return_19  |   9|          2|   16|         32|
    |ap_return_2   |   9|          2|   16|         32|
    |ap_return_20  |   9|          2|   16|         32|
    |ap_return_21  |   9|          2|   16|         32|
    |ap_return_22  |   9|          2|   16|         32|
    |ap_return_23  |   9|          2|   16|         32|
    |ap_return_24  |   9|          2|   16|         32|
    |ap_return_25  |   9|          2|   16|         32|
    |ap_return_26  |   9|          2|   16|         32|
    |ap_return_27  |   9|          2|   16|         32|
    |ap_return_28  |   9|          2|   16|         32|
    |ap_return_29  |   9|          2|   16|         32|
    |ap_return_3   |   9|          2|   16|         32|
    |ap_return_30  |   9|          2|   16|         32|
    |ap_return_31  |   9|          2|   16|         32|
    |ap_return_32  |   9|          2|   16|         32|
    |ap_return_33  |   9|          2|   16|         32|
    |ap_return_34  |   9|          2|   16|         32|
    |ap_return_35  |   9|          2|   16|         32|
    |ap_return_36  |   9|          2|   16|         32|
    |ap_return_37  |   9|          2|   16|         32|
    |ap_return_38  |   9|          2|   16|         32|
    |ap_return_39  |   9|          2|   16|         32|
    |ap_return_4   |   9|          2|   16|         32|
    |ap_return_40  |   9|          2|   16|         32|
    |ap_return_41  |   9|          2|   16|         32|
    |ap_return_42  |   9|          2|   16|         32|
    |ap_return_43  |   9|          2|   16|         32|
    |ap_return_44  |   9|          2|   16|         32|
    |ap_return_45  |   9|          2|   16|         32|
    |ap_return_46  |   9|          2|   16|         32|
    |ap_return_47  |   9|          2|   16|         32|
    |ap_return_48  |   9|          2|   16|         32|
    |ap_return_49  |   9|          2|   16|         32|
    |ap_return_5   |   9|          2|   16|         32|
    |ap_return_50  |   9|          2|   16|         32|
    |ap_return_51  |   9|          2|   16|         32|
    |ap_return_52  |   9|          2|   16|         32|
    |ap_return_53  |   9|          2|   16|         32|
    |ap_return_54  |   9|          2|   16|         32|
    |ap_return_55  |   9|          2|   16|         32|
    |ap_return_56  |   9|          2|   16|         32|
    |ap_return_57  |   9|          2|   16|         32|
    |ap_return_58  |   9|          2|   16|         32|
    |ap_return_59  |   9|          2|   16|         32|
    |ap_return_6   |   9|          2|   16|         32|
    |ap_return_60  |   9|          2|   16|         32|
    |ap_return_61  |   9|          2|   16|         32|
    |ap_return_62  |   9|          2|   16|         32|
    |ap_return_63  |   9|          2|   16|         32|
    |ap_return_7   |   9|          2|   16|         32|
    |ap_return_8   |   9|          2|   16|         32|
    |ap_return_9   |   9|          2|   16|         32|
    +--------------+----+-----------+-----+-----------+
    |Total         | 576|        128| 1024|       2048|
    +--------------+----+-----------+-----+-----------+

    * Register: 
    +--------------------------------------------+----+----+-----+-----------+
    |                    Name                    | FF | LUT| Bits| Const Bits|
    +--------------------------------------------+----+----+-----+-----------+
    |add_ln703_100_reg_26550                     |  16|   0|   16|          0|
    |add_ln703_101_reg_26555                     |  16|   0|   16|          0|
    |add_ln703_102_reg_26560                     |  16|   0|   16|          0|
    |add_ln703_103_reg_26565                     |  16|   0|   16|          0|
    |add_ln703_104_reg_26570                     |  16|   0|   16|          0|
    |add_ln703_105_reg_26575                     |  16|   0|   16|          0|
    |add_ln703_106_reg_26580                     |  16|   0|   16|          0|
    |add_ln703_107_reg_26585                     |  16|   0|   16|          0|
    |add_ln703_108_reg_26590                     |  16|   0|   16|          0|
    |add_ln703_109_reg_26595                     |  16|   0|   16|          0|
    |add_ln703_110_reg_26600                     |  16|   0|   16|          0|
    |add_ln703_111_reg_26605                     |  16|   0|   16|          0|
    |add_ln703_112_reg_26610                     |  16|   0|   16|          0|
    |add_ln703_113_reg_26615                     |  16|   0|   16|          0|
    |add_ln703_114_reg_26620                     |  16|   0|   16|          0|
    |add_ln703_115_reg_26625                     |  16|   0|   16|          0|
    |add_ln703_116_reg_26630                     |  16|   0|   16|          0|
    |add_ln703_117_reg_26635                     |  16|   0|   16|          0|
    |add_ln703_118_reg_26640                     |  16|   0|   16|          0|
    |add_ln703_119_reg_26645                     |  16|   0|   16|          0|
    |add_ln703_120_reg_26650                     |  16|   0|   16|          0|
    |add_ln703_90_reg_26500                      |  16|   0|   16|          0|
    |add_ln703_91_reg_26505                      |  16|   0|   16|          0|
    |add_ln703_92_reg_26510                      |  16|   0|   16|          0|
    |add_ln703_93_reg_26515                      |  16|   0|   16|          0|
    |add_ln703_94_reg_26520                      |  16|   0|   16|          0|
    |add_ln703_95_reg_26525                      |  16|   0|   16|          0|
    |add_ln703_96_reg_26530                      |  16|   0|   16|          0|
    |add_ln703_97_reg_26535                      |  16|   0|   16|          0|
    |add_ln703_98_reg_26540                      |  16|   0|   16|          0|
    |add_ln703_99_reg_26545                      |  16|   0|   16|          0|
    |add_ln703_reg_26495                         |  16|   0|   16|          0|
    |ap_ce_reg                                   |   1|   0|    1|          0|
    |ap_return_0_int_reg                         |  16|   0|   16|          0|
    |ap_return_10_int_reg                        |  16|   0|   16|          0|
    |ap_return_11_int_reg                        |  16|   0|   16|          0|
    |ap_return_12_int_reg                        |  16|   0|   16|          0|
    |ap_return_13_int_reg                        |  16|   0|   16|          0|
    |ap_return_14_int_reg                        |  16|   0|   16|          0|
    |ap_return_15_int_reg                        |  16|   0|   16|          0|
    |ap_return_16_int_reg                        |  16|   0|   16|          0|
    |ap_return_17_int_reg                        |  16|   0|   16|          0|
    |ap_return_18_int_reg                        |  16|   0|   16|          0|
    |ap_return_19_int_reg                        |  16|   0|   16|          0|
    |ap_return_1_int_reg                         |  16|   0|   16|          0|
    |ap_return_20_int_reg                        |  16|   0|   16|          0|
    |ap_return_21_int_reg                        |  16|   0|   16|          0|
    |ap_return_22_int_reg                        |  16|   0|   16|          0|
    |ap_return_23_int_reg                        |  16|   0|   16|          0|
    |ap_return_24_int_reg                        |  16|   0|   16|          0|
    |ap_return_25_int_reg                        |  16|   0|   16|          0|
    |ap_return_26_int_reg                        |  16|   0|   16|          0|
    |ap_return_27_int_reg                        |  16|   0|   16|          0|
    |ap_return_28_int_reg                        |  16|   0|   16|          0|
    |ap_return_29_int_reg                        |  16|   0|   16|          0|
    |ap_return_2_int_reg                         |  16|   0|   16|          0|
    |ap_return_30_int_reg                        |  16|   0|   16|          0|
    |ap_return_31_int_reg                        |  16|   0|   16|          0|
    |ap_return_32_int_reg                        |  16|   0|   16|          0|
    |ap_return_33_int_reg                        |  16|   0|   16|          0|
    |ap_return_34_int_reg                        |  16|   0|   16|          0|
    |ap_return_35_int_reg                        |  16|   0|   16|          0|
    |ap_return_36_int_reg                        |  16|   0|   16|          0|
    |ap_return_37_int_reg                        |  16|   0|   16|          0|
    |ap_return_38_int_reg                        |  16|   0|   16|          0|
    |ap_return_39_int_reg                        |  16|   0|   16|          0|
    |ap_return_3_int_reg                         |  16|   0|   16|          0|
    |ap_return_40_int_reg                        |  16|   0|   16|          0|
    |ap_return_41_int_reg                        |  16|   0|   16|          0|
    |ap_return_42_int_reg                        |  16|   0|   16|          0|
    |ap_return_43_int_reg                        |  16|   0|   16|          0|
    |ap_return_44_int_reg                        |  16|   0|   16|          0|
    |ap_return_45_int_reg                        |  16|   0|   16|          0|
    |ap_return_46_int_reg                        |  16|   0|   16|          0|
    |ap_return_47_int_reg                        |  16|   0|   16|          0|
    |ap_return_48_int_reg                        |  16|   0|   16|          0|
    |ap_return_49_int_reg                        |  16|   0|   16|          0|
    |ap_return_4_int_reg                         |  16|   0|   16|          0|
    |ap_return_50_int_reg                        |  16|   0|   16|          0|
    |ap_return_51_int_reg                        |  16|   0|   16|          0|
    |ap_return_52_int_reg                        |  16|   0|   16|          0|
    |ap_return_53_int_reg                        |  16|   0|   16|          0|
    |ap_return_54_int_reg                        |  16|   0|   16|          0|
    |ap_return_55_int_reg                        |  16|   0|   16|          0|
    |ap_return_56_int_reg                        |  16|   0|   16|          0|
    |ap_return_57_int_reg                        |  16|   0|   16|          0|
    |ap_return_58_int_reg                        |  16|   0|   16|          0|
    |ap_return_59_int_reg                        |  16|   0|   16|          0|
    |ap_return_5_int_reg                         |  16|   0|   16|          0|
    |ap_return_60_int_reg                        |  16|   0|   16|          0|
    |ap_return_61_int_reg                        |  16|   0|   16|          0|
    |ap_return_62_int_reg                        |  16|   0|   16|          0|
    |ap_return_63_int_reg                        |  16|   0|   16|          0|
    |ap_return_6_int_reg                         |  16|   0|   16|          0|
    |ap_return_7_int_reg                         |  16|   0|   16|          0|
    |ap_return_8_int_reg                         |  16|   0|   16|          0|
    |ap_return_9_int_reg                         |  16|   0|   16|          0|
    |c_cur_activ_10_reg_26710                    |  16|   0|   16|          0|
    |c_cur_activ_11_reg_26715                    |  16|   0|   16|          0|
    |c_cur_activ_12_reg_26720                    |  16|   0|   16|          0|
    |c_cur_activ_13_reg_26725                    |  16|   0|   16|          0|
    |c_cur_activ_14_reg_26730                    |  16|   0|   16|          0|
    |c_cur_activ_15_reg_26735                    |  16|   0|   16|          0|
    |c_cur_activ_16_reg_26740                    |  16|   0|   16|          0|
    |c_cur_activ_17_reg_26745                    |  16|   0|   16|          0|
    |c_cur_activ_18_reg_26750                    |  16|   0|   16|          0|
    |c_cur_activ_19_reg_26755                    |  16|   0|   16|          0|
    |c_cur_activ_1_reg_26660                     |  16|   0|   16|          0|
    |c_cur_activ_20_reg_26760                    |  16|   0|   16|          0|
    |c_cur_activ_21_reg_26765                    |  16|   0|   16|          0|
    |c_cur_activ_22_reg_26770                    |  16|   0|   16|          0|
    |c_cur_activ_23_reg_26775                    |  16|   0|   16|          0|
    |c_cur_activ_24_reg_26780                    |  16|   0|   16|          0|
    |c_cur_activ_25_reg_26785                    |  16|   0|   16|          0|
    |c_cur_activ_26_reg_26790                    |  16|   0|   16|          0|
    |c_cur_activ_27_reg_26795                    |  16|   0|   16|          0|
    |c_cur_activ_28_reg_26800                    |  16|   0|   16|          0|
    |c_cur_activ_29_reg_26805                    |  16|   0|   16|          0|
    |c_cur_activ_2_reg_26665                     |  16|   0|   16|          0|
    |c_cur_activ_30_reg_26810                    |  16|   0|   16|          0|
    |c_cur_activ_3_reg_26670                     |  16|   0|   16|          0|
    |c_cur_activ_4_reg_26675                     |  16|   0|   16|          0|
    |c_cur_activ_5_reg_26680                     |  16|   0|   16|          0|
    |c_cur_activ_6_reg_26685                     |  16|   0|   16|          0|
    |c_cur_activ_7_reg_26690                     |  16|   0|   16|          0|
    |c_cur_activ_8_reg_26695                     |  16|   0|   16|          0|
    |c_cur_activ_9_reg_26700                     |  16|   0|   16|          0|
    |c_cur_activ_reg_26655                       |  16|   0|   16|          0|
    |c_cur_activ_s_reg_26705                     |  16|   0|   16|          0|
    |c_pre_0_V_read_int_reg                      |  16|   0|   16|          0|
    |c_pre_10_V_read_int_reg                     |  16|   0|   16|          0|
    |c_pre_11_V_read_int_reg                     |  16|   0|   16|          0|
    |c_pre_12_V_read_int_reg                     |  16|   0|   16|          0|
    |c_pre_13_V_read_int_reg                     |  16|   0|   16|          0|
    |c_pre_14_V_read_int_reg                     |  16|   0|   16|          0|
    |c_pre_15_V_read_int_reg                     |  16|   0|   16|          0|
    |c_pre_16_V_read_int_reg                     |  16|   0|   16|          0|
    |c_pre_17_V_read_int_reg                     |  16|   0|   16|          0|
    |c_pre_18_V_read_int_reg                     |  16|   0|   16|          0|
    |c_pre_19_V_read_int_reg                     |  16|   0|   16|          0|
    |c_pre_1_V_read_int_reg                      |  16|   0|   16|          0|
    |c_pre_20_V_read_int_reg                     |  16|   0|   16|          0|
    |c_pre_21_V_read_int_reg                     |  16|   0|   16|          0|
    |c_pre_22_V_read_int_reg                     |  16|   0|   16|          0|
    |c_pre_23_V_read_int_reg                     |  16|   0|   16|          0|
    |c_pre_24_V_read_int_reg                     |  16|   0|   16|          0|
    |c_pre_25_V_read_int_reg                     |  16|   0|   16|          0|
    |c_pre_26_V_read_int_reg                     |  16|   0|   16|          0|
    |c_pre_27_V_read_int_reg                     |  16|   0|   16|          0|
    |c_pre_28_V_read_int_reg                     |  16|   0|   16|          0|
    |c_pre_29_V_read_int_reg                     |  16|   0|   16|          0|
    |c_pre_2_V_read_int_reg                      |  16|   0|   16|          0|
    |c_pre_30_V_read_int_reg                     |  16|   0|   16|          0|
    |c_pre_31_V_read_int_reg                     |  16|   0|   16|          0|
    |c_pre_3_V_read_int_reg                      |  16|   0|   16|          0|
    |c_pre_4_V_read_int_reg                      |  16|   0|   16|          0|
    |c_pre_5_V_read_int_reg                      |  16|   0|   16|          0|
    |c_pre_6_V_read_int_reg                      |  16|   0|   16|          0|
    |c_pre_7_V_read_int_reg                      |  16|   0|   16|          0|
    |c_pre_8_V_read_int_reg                      |  16|   0|   16|          0|
    |c_pre_9_V_read_int_reg                      |  16|   0|   16|          0|
    |gate_f_0_V_read_int_reg                     |  16|   0|   16|          0|
    |gate_f_10_V_read_int_reg                    |  16|   0|   16|          0|
    |gate_f_11_V_read_int_reg                    |  16|   0|   16|          0|
    |gate_f_12_V_read_int_reg                    |  16|   0|   16|          0|
    |gate_f_13_V_read_int_reg                    |  16|   0|   16|          0|
    |gate_f_14_V_read_int_reg                    |  16|   0|   16|          0|
    |gate_f_15_V_read_int_reg                    |  16|   0|   16|          0|
    |gate_f_16_V_read_int_reg                    |  16|   0|   16|          0|
    |gate_f_17_V_read_int_reg                    |  16|   0|   16|          0|
    |gate_f_18_V_read_int_reg                    |  16|   0|   16|          0|
    |gate_f_19_V_read_int_reg                    |  16|   0|   16|          0|
    |gate_f_1_V_read_int_reg                     |  16|   0|   16|          0|
    |gate_f_20_V_read_int_reg                    |  16|   0|   16|          0|
    |gate_f_21_V_read_int_reg                    |  16|   0|   16|          0|
    |gate_f_22_V_read_int_reg                    |  16|   0|   16|          0|
    |gate_f_23_V_read_int_reg                    |  16|   0|   16|          0|
    |gate_f_24_V_read_int_reg                    |  16|   0|   16|          0|
    |gate_f_25_V_read_int_reg                    |  16|   0|   16|          0|
    |gate_f_26_V_read_int_reg                    |  16|   0|   16|          0|
    |gate_f_27_V_read_int_reg                    |  16|   0|   16|          0|
    |gate_f_28_V_read_int_reg                    |  16|   0|   16|          0|
    |gate_f_29_V_read_int_reg                    |  16|   0|   16|          0|
    |gate_f_2_V_read_int_reg                     |  16|   0|   16|          0|
    |gate_f_30_V_read_int_reg                    |  16|   0|   16|          0|
    |gate_f_31_V_read_int_reg                    |  16|   0|   16|          0|
    |gate_f_3_V_read_int_reg                     |  16|   0|   16|          0|
    |gate_f_4_V_read_int_reg                     |  16|   0|   16|          0|
    |gate_f_5_V_read_int_reg                     |  16|   0|   16|          0|
    |gate_f_6_V_read_int_reg                     |  16|   0|   16|          0|
    |gate_f_7_V_read_int_reg                     |  16|   0|   16|          0|
    |gate_f_8_V_read_int_reg                     |  16|   0|   16|          0|
    |gate_f_9_V_read_int_reg                     |  16|   0|   16|          0|
    |gate_g_0_V_read_int_reg                     |  16|   0|   16|          0|
    |gate_g_10_V_read_int_reg                    |  16|   0|   16|          0|
    |gate_g_11_V_read_int_reg                    |  16|   0|   16|          0|
    |gate_g_12_V_read_int_reg                    |  16|   0|   16|          0|
    |gate_g_13_V_read_int_reg                    |  16|   0|   16|          0|
    |gate_g_14_V_read_int_reg                    |  16|   0|   16|          0|
    |gate_g_15_V_read_int_reg                    |  16|   0|   16|          0|
    |gate_g_16_V_read_int_reg                    |  16|   0|   16|          0|
    |gate_g_17_V_read_int_reg                    |  16|   0|   16|          0|
    |gate_g_18_V_read_int_reg                    |  16|   0|   16|          0|
    |gate_g_19_V_read_int_reg                    |  16|   0|   16|          0|
    |gate_g_1_V_read_int_reg                     |  16|   0|   16|          0|
    |gate_g_20_V_read_int_reg                    |  16|   0|   16|          0|
    |gate_g_21_V_read_int_reg                    |  16|   0|   16|          0|
    |gate_g_22_V_read_int_reg                    |  16|   0|   16|          0|
    |gate_g_23_V_read_int_reg                    |  16|   0|   16|          0|
    |gate_g_24_V_read_int_reg                    |  16|   0|   16|          0|
    |gate_g_25_V_read_int_reg                    |  16|   0|   16|          0|
    |gate_g_26_V_read_int_reg                    |  16|   0|   16|          0|
    |gate_g_27_V_read_int_reg                    |  16|   0|   16|          0|
    |gate_g_28_V_read_int_reg                    |  16|   0|   16|          0|
    |gate_g_29_V_read_int_reg                    |  16|   0|   16|          0|
    |gate_g_2_V_read_int_reg                     |  16|   0|   16|          0|
    |gate_g_30_V_read_int_reg                    |  16|   0|   16|          0|
    |gate_g_31_V_read_int_reg                    |  16|   0|   16|          0|
    |gate_g_3_V_read_int_reg                     |  16|   0|   16|          0|
    |gate_g_4_V_read_int_reg                     |  16|   0|   16|          0|
    |gate_g_5_V_read_int_reg                     |  16|   0|   16|          0|
    |gate_g_6_V_read_int_reg                     |  16|   0|   16|          0|
    |gate_g_7_V_read_int_reg                     |  16|   0|   16|          0|
    |gate_g_8_V_read_int_reg                     |  16|   0|   16|          0|
    |gate_g_9_V_read_int_reg                     |  16|   0|   16|          0|
    |gate_i_0_V_read_int_reg                     |  16|   0|   16|          0|
    |gate_i_10_V_read_int_reg                    |  16|   0|   16|          0|
    |gate_i_11_V_read_int_reg                    |  16|   0|   16|          0|
    |gate_i_12_V_read_int_reg                    |  16|   0|   16|          0|
    |gate_i_13_V_read_int_reg                    |  16|   0|   16|          0|
    |gate_i_14_V_read_int_reg                    |  16|   0|   16|          0|
    |gate_i_15_V_read_int_reg                    |  16|   0|   16|          0|
    |gate_i_16_V_read_int_reg                    |  16|   0|   16|          0|
    |gate_i_17_V_read_int_reg                    |  16|   0|   16|          0|
    |gate_i_18_V_read_int_reg                    |  16|   0|   16|          0|
    |gate_i_19_V_read_int_reg                    |  16|   0|   16|          0|
    |gate_i_1_V_read_int_reg                     |  16|   0|   16|          0|
    |gate_i_20_V_read_int_reg                    |  16|   0|   16|          0|
    |gate_i_21_V_read_int_reg                    |  16|   0|   16|          0|
    |gate_i_22_V_read_int_reg                    |  16|   0|   16|          0|
    |gate_i_23_V_read_int_reg                    |  16|   0|   16|          0|
    |gate_i_24_V_read_int_reg                    |  16|   0|   16|          0|
    |gate_i_25_V_read_int_reg                    |  16|   0|   16|          0|
    |gate_i_26_V_read_int_reg                    |  16|   0|   16|          0|
    |gate_i_27_V_read_int_reg                    |  16|   0|   16|          0|
    |gate_i_28_V_read_int_reg                    |  16|   0|   16|          0|
    |gate_i_29_V_read_int_reg                    |  16|   0|   16|          0|
    |gate_i_2_V_read_int_reg                     |  16|   0|   16|          0|
    |gate_i_30_V_read_int_reg                    |  16|   0|   16|          0|
    |gate_i_31_V_read_int_reg                    |  16|   0|   16|          0|
    |gate_i_3_V_read_int_reg                     |  16|   0|   16|          0|
    |gate_i_4_V_read_int_reg                     |  16|   0|   16|          0|
    |gate_i_5_V_read_int_reg                     |  16|   0|   16|          0|
    |gate_i_6_V_read_int_reg                     |  16|   0|   16|          0|
    |gate_i_7_V_read_int_reg                     |  16|   0|   16|          0|
    |gate_i_8_V_read_int_reg                     |  16|   0|   16|          0|
    |gate_i_9_V_read_int_reg                     |  16|   0|   16|          0|
    |gate_o_0_V_read_1_reg_26170                 |  16|   0|   16|          0|
    |gate_o_0_V_read_1_reg_26170_pp0_iter1_reg   |  16|   0|   16|          0|
    |gate_o_0_V_read_int_reg                     |  16|   0|   16|          0|
    |gate_o_10_V_read_1_reg_26120                |  16|   0|   16|          0|
    |gate_o_10_V_read_1_reg_26120_pp0_iter1_reg  |  16|   0|   16|          0|
    |gate_o_10_V_read_int_reg                    |  16|   0|   16|          0|
    |gate_o_11_V_read_1_reg_26115                |  16|   0|   16|          0|
    |gate_o_11_V_read_1_reg_26115_pp0_iter1_reg  |  16|   0|   16|          0|
    |gate_o_11_V_read_int_reg                    |  16|   0|   16|          0|
    |gate_o_12_V_read_1_reg_26110                |  16|   0|   16|          0|
    |gate_o_12_V_read_1_reg_26110_pp0_iter1_reg  |  16|   0|   16|          0|
    |gate_o_12_V_read_int_reg                    |  16|   0|   16|          0|
    |gate_o_13_V_read_1_reg_26105                |  16|   0|   16|          0|
    |gate_o_13_V_read_1_reg_26105_pp0_iter1_reg  |  16|   0|   16|          0|
    |gate_o_13_V_read_int_reg                    |  16|   0|   16|          0|
    |gate_o_14_V_read_1_reg_26100                |  16|   0|   16|          0|
    |gate_o_14_V_read_1_reg_26100_pp0_iter1_reg  |  16|   0|   16|          0|
    |gate_o_14_V_read_int_reg                    |  16|   0|   16|          0|
    |gate_o_15_V_read_1_reg_26095                |  16|   0|   16|          0|
    |gate_o_15_V_read_1_reg_26095_pp0_iter1_reg  |  16|   0|   16|          0|
    |gate_o_15_V_read_int_reg                    |  16|   0|   16|          0|
    |gate_o_16_V_read_1_reg_26090                |  16|   0|   16|          0|
    |gate_o_16_V_read_1_reg_26090_pp0_iter1_reg  |  16|   0|   16|          0|
    |gate_o_16_V_read_int_reg                    |  16|   0|   16|          0|
    |gate_o_17_V_read_1_reg_26085                |  16|   0|   16|          0|
    |gate_o_17_V_read_1_reg_26085_pp0_iter1_reg  |  16|   0|   16|          0|
    |gate_o_17_V_read_int_reg                    |  16|   0|   16|          0|
    |gate_o_18_V_read_1_reg_26080                |  16|   0|   16|          0|
    |gate_o_18_V_read_1_reg_26080_pp0_iter1_reg  |  16|   0|   16|          0|
    |gate_o_18_V_read_int_reg                    |  16|   0|   16|          0|
    |gate_o_19_V_read_1_reg_26075                |  16|   0|   16|          0|
    |gate_o_19_V_read_1_reg_26075_pp0_iter1_reg  |  16|   0|   16|          0|
    |gate_o_19_V_read_int_reg                    |  16|   0|   16|          0|
    |gate_o_1_V_read_1_reg_26165                 |  16|   0|   16|          0|
    |gate_o_1_V_read_1_reg_26165_pp0_iter1_reg   |  16|   0|   16|          0|
    |gate_o_1_V_read_int_reg                     |  16|   0|   16|          0|
    |gate_o_20_V_read_1_reg_26070                |  16|   0|   16|          0|
    |gate_o_20_V_read_1_reg_26070_pp0_iter1_reg  |  16|   0|   16|          0|
    |gate_o_20_V_read_int_reg                    |  16|   0|   16|          0|
    |gate_o_21_V_read_1_reg_26065                |  16|   0|   16|          0|
    |gate_o_21_V_read_1_reg_26065_pp0_iter1_reg  |  16|   0|   16|          0|
    |gate_o_21_V_read_int_reg                    |  16|   0|   16|          0|
    |gate_o_22_V_read_1_reg_26060                |  16|   0|   16|          0|
    |gate_o_22_V_read_1_reg_26060_pp0_iter1_reg  |  16|   0|   16|          0|
    |gate_o_22_V_read_int_reg                    |  16|   0|   16|          0|
    |gate_o_23_V_read_1_reg_26055                |  16|   0|   16|          0|
    |gate_o_23_V_read_1_reg_26055_pp0_iter1_reg  |  16|   0|   16|          0|
    |gate_o_23_V_read_int_reg                    |  16|   0|   16|          0|
    |gate_o_24_V_read_1_reg_26050                |  16|   0|   16|          0|
    |gate_o_24_V_read_1_reg_26050_pp0_iter1_reg  |  16|   0|   16|          0|
    |gate_o_24_V_read_int_reg                    |  16|   0|   16|          0|
    |gate_o_25_V_read_1_reg_26045                |  16|   0|   16|          0|
    |gate_o_25_V_read_1_reg_26045_pp0_iter1_reg  |  16|   0|   16|          0|
    |gate_o_25_V_read_int_reg                    |  16|   0|   16|          0|
    |gate_o_26_V_read_1_reg_26040                |  16|   0|   16|          0|
    |gate_o_26_V_read_1_reg_26040_pp0_iter1_reg  |  16|   0|   16|          0|
    |gate_o_26_V_read_int_reg                    |  16|   0|   16|          0|
    |gate_o_27_V_read_1_reg_26035                |  16|   0|   16|          0|
    |gate_o_27_V_read_1_reg_26035_pp0_iter1_reg  |  16|   0|   16|          0|
    |gate_o_27_V_read_int_reg                    |  16|   0|   16|          0|
    |gate_o_28_V_read_1_reg_26030                |  16|   0|   16|          0|
    |gate_o_28_V_read_1_reg_26030_pp0_iter1_reg  |  16|   0|   16|          0|
    |gate_o_28_V_read_int_reg                    |  16|   0|   16|          0|
    |gate_o_29_V_read_1_reg_26025                |  16|   0|   16|          0|
    |gate_o_29_V_read_1_reg_26025_pp0_iter1_reg  |  16|   0|   16|          0|
    |gate_o_29_V_read_int_reg                    |  16|   0|   16|          0|
    |gate_o_2_V_read_1_reg_26160                 |  16|   0|   16|          0|
    |gate_o_2_V_read_1_reg_26160_pp0_iter1_reg   |  16|   0|   16|          0|
    |gate_o_2_V_read_int_reg                     |  16|   0|   16|          0|
    |gate_o_30_V_read_1_reg_26020                |  16|   0|   16|          0|
    |gate_o_30_V_read_1_reg_26020_pp0_iter1_reg  |  16|   0|   16|          0|
    |gate_o_30_V_read_int_reg                    |  16|   0|   16|          0|
    |gate_o_31_V_read_1_reg_26015                |  16|   0|   16|          0|
    |gate_o_31_V_read_1_reg_26015_pp0_iter1_reg  |  16|   0|   16|          0|
    |gate_o_31_V_read_int_reg                    |  16|   0|   16|          0|
    |gate_o_3_V_read_1_reg_26155                 |  16|   0|   16|          0|
    |gate_o_3_V_read_1_reg_26155_pp0_iter1_reg   |  16|   0|   16|          0|
    |gate_o_3_V_read_int_reg                     |  16|   0|   16|          0|
    |gate_o_4_V_read_1_reg_26150                 |  16|   0|   16|          0|
    |gate_o_4_V_read_1_reg_26150_pp0_iter1_reg   |  16|   0|   16|          0|
    |gate_o_4_V_read_int_reg                     |  16|   0|   16|          0|
    |gate_o_5_V_read_1_reg_26145                 |  16|   0|   16|          0|
    |gate_o_5_V_read_1_reg_26145_pp0_iter1_reg   |  16|   0|   16|          0|
    |gate_o_5_V_read_int_reg                     |  16|   0|   16|          0|
    |gate_o_6_V_read_1_reg_26140                 |  16|   0|   16|          0|
    |gate_o_6_V_read_1_reg_26140_pp0_iter1_reg   |  16|   0|   16|          0|
    |gate_o_6_V_read_int_reg                     |  16|   0|   16|          0|
    |gate_o_7_V_read_1_reg_26135                 |  16|   0|   16|          0|
    |gate_o_7_V_read_1_reg_26135_pp0_iter1_reg   |  16|   0|   16|          0|
    |gate_o_7_V_read_int_reg                     |  16|   0|   16|          0|
    |gate_o_8_V_read_1_reg_26130                 |  16|   0|   16|          0|
    |gate_o_8_V_read_1_reg_26130_pp0_iter1_reg   |  16|   0|   16|          0|
    |gate_o_8_V_read_int_reg                     |  16|   0|   16|          0|
    |gate_o_9_V_read_1_reg_26125                 |  16|   0|   16|          0|
    |gate_o_9_V_read_1_reg_26125_pp0_iter1_reg   |  16|   0|   16|          0|
    |gate_o_9_V_read_int_reg                     |  16|   0|   16|          0|
    |trunc_ln708_10_reg_26230                    |  16|   0|   16|          0|
    |trunc_ln708_11_reg_26235                    |  16|   0|   16|          0|
    |trunc_ln708_12_reg_26240                    |  16|   0|   16|          0|
    |trunc_ln708_13_reg_26245                    |  16|   0|   16|          0|
    |trunc_ln708_14_reg_26250                    |  16|   0|   16|          0|
    |trunc_ln708_15_reg_26255                    |  16|   0|   16|          0|
    |trunc_ln708_16_reg_26260                    |  16|   0|   16|          0|
    |trunc_ln708_17_reg_26265                    |  16|   0|   16|          0|
    |trunc_ln708_18_reg_26270                    |  16|   0|   16|          0|
    |trunc_ln708_19_reg_26275                    |  16|   0|   16|          0|
    |trunc_ln708_1_reg_26180                     |  16|   0|   16|          0|
    |trunc_ln708_20_reg_26280                    |  16|   0|   16|          0|
    |trunc_ln708_21_reg_26285                    |  16|   0|   16|          0|
    |trunc_ln708_22_reg_26290                    |  16|   0|   16|          0|
    |trunc_ln708_23_reg_26295                    |  16|   0|   16|          0|
    |trunc_ln708_24_reg_26300                    |  16|   0|   16|          0|
    |trunc_ln708_25_reg_26305                    |  16|   0|   16|          0|
    |trunc_ln708_26_reg_26310                    |  16|   0|   16|          0|
    |trunc_ln708_27_reg_26315                    |  16|   0|   16|          0|
    |trunc_ln708_28_reg_26320                    |  16|   0|   16|          0|
    |trunc_ln708_29_reg_26325                    |  16|   0|   16|          0|
    |trunc_ln708_2_reg_26185                     |  16|   0|   16|          0|
    |trunc_ln708_30_reg_26330                    |  16|   0|   16|          0|
    |trunc_ln708_31_reg_26335                    |  16|   0|   16|          0|
    |trunc_ln708_32_reg_26340                    |  16|   0|   16|          0|
    |trunc_ln708_33_reg_26345                    |  16|   0|   16|          0|
    |trunc_ln708_34_reg_26350                    |  16|   0|   16|          0|
    |trunc_ln708_35_reg_26355                    |  16|   0|   16|          0|
    |trunc_ln708_36_reg_26360                    |  16|   0|   16|          0|
    |trunc_ln708_37_reg_26365                    |  16|   0|   16|          0|
    |trunc_ln708_38_reg_26370                    |  16|   0|   16|          0|
    |trunc_ln708_39_reg_26375                    |  16|   0|   16|          0|
    |trunc_ln708_3_reg_26190                     |  16|   0|   16|          0|
    |trunc_ln708_40_reg_26380                    |  16|   0|   16|          0|
    |trunc_ln708_41_reg_26385                    |  16|   0|   16|          0|
    |trunc_ln708_42_reg_26390                    |  16|   0|   16|          0|
    |trunc_ln708_43_reg_26395                    |  16|   0|   16|          0|
    |trunc_ln708_44_reg_26400                    |  16|   0|   16|          0|
    |trunc_ln708_45_reg_26405                    |  16|   0|   16|          0|
    |trunc_ln708_46_reg_26410                    |  16|   0|   16|          0|
    |trunc_ln708_47_reg_26415                    |  16|   0|   16|          0|
    |trunc_ln708_48_reg_26420                    |  16|   0|   16|          0|
    |trunc_ln708_49_reg_26425                    |  16|   0|   16|          0|
    |trunc_ln708_4_reg_26195                     |  16|   0|   16|          0|
    |trunc_ln708_50_reg_26430                    |  16|   0|   16|          0|
    |trunc_ln708_51_reg_26435                    |  16|   0|   16|          0|
    |trunc_ln708_52_reg_26440                    |  16|   0|   16|          0|
    |trunc_ln708_53_reg_26445                    |  16|   0|   16|          0|
    |trunc_ln708_54_reg_26450                    |  16|   0|   16|          0|
    |trunc_ln708_55_reg_26455                    |  16|   0|   16|          0|
    |trunc_ln708_56_reg_26460                    |  16|   0|   16|          0|
    |trunc_ln708_57_reg_26465                    |  16|   0|   16|          0|
    |trunc_ln708_58_reg_26470                    |  16|   0|   16|          0|
    |trunc_ln708_59_reg_26475                    |  16|   0|   16|          0|
    |trunc_ln708_5_reg_26200                     |  16|   0|   16|          0|
    |trunc_ln708_60_reg_26480                    |  16|   0|   16|          0|
    |trunc_ln708_61_reg_26485                    |  16|   0|   16|          0|
    |trunc_ln708_62_reg_26490                    |  16|   0|   16|          0|
    |trunc_ln708_6_reg_26205                     |  16|   0|   16|          0|
    |trunc_ln708_7_reg_26210                     |  16|   0|   16|          0|
    |trunc_ln708_8_reg_26215                     |  16|   0|   16|          0|
    |trunc_ln708_9_reg_26220                     |  16|   0|   16|          0|
    |trunc_ln708_s_reg_26225                     |  16|   0|   16|          0|
    |trunc_ln_reg_26175                          |  16|   0|   16|          0|
    +--------------------------------------------+----+----+-----+-----------+
    |Total                                       |6657|   0| 6657|          0|
    +--------------------------------------------+----+----+-----+-----------+



================================================================
== Interface
================================================================
* Summary: 
+------------------+-----+-----+------------+------------------+--------------+
|     RTL Ports    | Dir | Bits|  Protocol  |   Source Object  |    C Type    |
+------------------+-----+-----+------------+------------------+--------------+
|ap_clk            |  in |    1| ap_ctrl_hs |     lstm_tail    | return value |
|ap_rst            |  in |    1| ap_ctrl_hs |     lstm_tail    | return value |
|ap_return_0       | out |   16| ap_ctrl_hs |     lstm_tail    | return value |
|ap_return_1       | out |   16| ap_ctrl_hs |     lstm_tail    | return value |
|ap_return_2       | out |   16| ap_ctrl_hs |     lstm_tail    | return value |
|ap_return_3       | out |   16| ap_ctrl_hs |     lstm_tail    | return value |
|ap_return_4       | out |   16| ap_ctrl_hs |     lstm_tail    | return value |
|ap_return_5       | out |   16| ap_ctrl_hs |     lstm_tail    | return value |
|ap_return_6       | out |   16| ap_ctrl_hs |     lstm_tail    | return value |
|ap_return_7       | out |   16| ap_ctrl_hs |     lstm_tail    | return value |
|ap_return_8       | out |   16| ap_ctrl_hs |     lstm_tail    | return value |
|ap_return_9       | out |   16| ap_ctrl_hs |     lstm_tail    | return value |
|ap_return_10      | out |   16| ap_ctrl_hs |     lstm_tail    | return value |
|ap_return_11      | out |   16| ap_ctrl_hs |     lstm_tail    | return value |
|ap_return_12      | out |   16| ap_ctrl_hs |     lstm_tail    | return value |
|ap_return_13      | out |   16| ap_ctrl_hs |     lstm_tail    | return value |
|ap_return_14      | out |   16| ap_ctrl_hs |     lstm_tail    | return value |
|ap_return_15      | out |   16| ap_ctrl_hs |     lstm_tail    | return value |
|ap_return_16      | out |   16| ap_ctrl_hs |     lstm_tail    | return value |
|ap_return_17      | out |   16| ap_ctrl_hs |     lstm_tail    | return value |
|ap_return_18      | out |   16| ap_ctrl_hs |     lstm_tail    | return value |
|ap_return_19      | out |   16| ap_ctrl_hs |     lstm_tail    | return value |
|ap_return_20      | out |   16| ap_ctrl_hs |     lstm_tail    | return value |
|ap_return_21      | out |   16| ap_ctrl_hs |     lstm_tail    | return value |
|ap_return_22      | out |   16| ap_ctrl_hs |     lstm_tail    | return value |
|ap_return_23      | out |   16| ap_ctrl_hs |     lstm_tail    | return value |
|ap_return_24      | out |   16| ap_ctrl_hs |     lstm_tail    | return value |
|ap_return_25      | out |   16| ap_ctrl_hs |     lstm_tail    | return value |
|ap_return_26      | out |   16| ap_ctrl_hs |     lstm_tail    | return value |
|ap_return_27      | out |   16| ap_ctrl_hs |     lstm_tail    | return value |
|ap_return_28      | out |   16| ap_ctrl_hs |     lstm_tail    | return value |
|ap_return_29      | out |   16| ap_ctrl_hs |     lstm_tail    | return value |
|ap_return_30      | out |   16| ap_ctrl_hs |     lstm_tail    | return value |
|ap_return_31      | out |   16| ap_ctrl_hs |     lstm_tail    | return value |
|ap_return_32      | out |   16| ap_ctrl_hs |     lstm_tail    | return value |
|ap_return_33      | out |   16| ap_ctrl_hs |     lstm_tail    | return value |
|ap_return_34      | out |   16| ap_ctrl_hs |     lstm_tail    | return value |
|ap_return_35      | out |   16| ap_ctrl_hs |     lstm_tail    | return value |
|ap_return_36      | out |   16| ap_ctrl_hs |     lstm_tail    | return value |
|ap_return_37      | out |   16| ap_ctrl_hs |     lstm_tail    | return value |
|ap_return_38      | out |   16| ap_ctrl_hs |     lstm_tail    | return value |
|ap_return_39      | out |   16| ap_ctrl_hs |     lstm_tail    | return value |
|ap_return_40      | out |   16| ap_ctrl_hs |     lstm_tail    | return value |
|ap_return_41      | out |   16| ap_ctrl_hs |     lstm_tail    | return value |
|ap_return_42      | out |   16| ap_ctrl_hs |     lstm_tail    | return value |
|ap_return_43      | out |   16| ap_ctrl_hs |     lstm_tail    | return value |
|ap_return_44      | out |   16| ap_ctrl_hs |     lstm_tail    | return value |
|ap_return_45      | out |   16| ap_ctrl_hs |     lstm_tail    | return value |
|ap_return_46      | out |   16| ap_ctrl_hs |     lstm_tail    | return value |
|ap_return_47      | out |   16| ap_ctrl_hs |     lstm_tail    | return value |
|ap_return_48      | out |   16| ap_ctrl_hs |     lstm_tail    | return value |
|ap_return_49      | out |   16| ap_ctrl_hs |     lstm_tail    | return value |
|ap_return_50      | out |   16| ap_ctrl_hs |     lstm_tail    | return value |
|ap_return_51      | out |   16| ap_ctrl_hs |     lstm_tail    | return value |
|ap_return_52      | out |   16| ap_ctrl_hs |     lstm_tail    | return value |
|ap_return_53      | out |   16| ap_ctrl_hs |     lstm_tail    | return value |
|ap_return_54      | out |   16| ap_ctrl_hs |     lstm_tail    | return value |
|ap_return_55      | out |   16| ap_ctrl_hs |     lstm_tail    | return value |
|ap_return_56      | out |   16| ap_ctrl_hs |     lstm_tail    | return value |
|ap_return_57      | out |   16| ap_ctrl_hs |     lstm_tail    | return value |
|ap_return_58      | out |   16| ap_ctrl_hs |     lstm_tail    | return value |
|ap_return_59      | out |   16| ap_ctrl_hs |     lstm_tail    | return value |
|ap_return_60      | out |   16| ap_ctrl_hs |     lstm_tail    | return value |
|ap_return_61      | out |   16| ap_ctrl_hs |     lstm_tail    | return value |
|ap_return_62      | out |   16| ap_ctrl_hs |     lstm_tail    | return value |
|ap_return_63      | out |   16| ap_ctrl_hs |     lstm_tail    | return value |
|ap_ce             |  in |    1| ap_ctrl_hs |     lstm_tail    | return value |
|gate_i_0_V_read   |  in |   16|   ap_none  |  gate_i_0_V_read |    scalar    |
|gate_i_1_V_read   |  in |   16|   ap_none  |  gate_i_1_V_read |    scalar    |
|gate_i_2_V_read   |  in |   16|   ap_none  |  gate_i_2_V_read |    scalar    |
|gate_i_3_V_read   |  in |   16|   ap_none  |  gate_i_3_V_read |    scalar    |
|gate_i_4_V_read   |  in |   16|   ap_none  |  gate_i_4_V_read |    scalar    |
|gate_i_5_V_read   |  in |   16|   ap_none  |  gate_i_5_V_read |    scalar    |
|gate_i_6_V_read   |  in |   16|   ap_none  |  gate_i_6_V_read |    scalar    |
|gate_i_7_V_read   |  in |   16|   ap_none  |  gate_i_7_V_read |    scalar    |
|gate_i_8_V_read   |  in |   16|   ap_none  |  gate_i_8_V_read |    scalar    |
|gate_i_9_V_read   |  in |   16|   ap_none  |  gate_i_9_V_read |    scalar    |
|gate_i_10_V_read  |  in |   16|   ap_none  | gate_i_10_V_read |    scalar    |
|gate_i_11_V_read  |  in |   16|   ap_none  | gate_i_11_V_read |    scalar    |
|gate_i_12_V_read  |  in |   16|   ap_none  | gate_i_12_V_read |    scalar    |
|gate_i_13_V_read  |  in |   16|   ap_none  | gate_i_13_V_read |    scalar    |
|gate_i_14_V_read  |  in |   16|   ap_none  | gate_i_14_V_read |    scalar    |
|gate_i_15_V_read  |  in |   16|   ap_none  | gate_i_15_V_read |    scalar    |
|gate_i_16_V_read  |  in |   16|   ap_none  | gate_i_16_V_read |    scalar    |
|gate_i_17_V_read  |  in |   16|   ap_none  | gate_i_17_V_read |    scalar    |
|gate_i_18_V_read  |  in |   16|   ap_none  | gate_i_18_V_read |    scalar    |
|gate_i_19_V_read  |  in |   16|   ap_none  | gate_i_19_V_read |    scalar    |
|gate_i_20_V_read  |  in |   16|   ap_none  | gate_i_20_V_read |    scalar    |
|gate_i_21_V_read  |  in |   16|   ap_none  | gate_i_21_V_read |    scalar    |
|gate_i_22_V_read  |  in |   16|   ap_none  | gate_i_22_V_read |    scalar    |
|gate_i_23_V_read  |  in |   16|   ap_none  | gate_i_23_V_read |    scalar    |
|gate_i_24_V_read  |  in |   16|   ap_none  | gate_i_24_V_read |    scalar    |
|gate_i_25_V_read  |  in |   16|   ap_none  | gate_i_25_V_read |    scalar    |
|gate_i_26_V_read  |  in |   16|   ap_none  | gate_i_26_V_read |    scalar    |
|gate_i_27_V_read  |  in |   16|   ap_none  | gate_i_27_V_read |    scalar    |
|gate_i_28_V_read  |  in |   16|   ap_none  | gate_i_28_V_read |    scalar    |
|gate_i_29_V_read  |  in |   16|   ap_none  | gate_i_29_V_read |    scalar    |
|gate_i_30_V_read  |  in |   16|   ap_none  | gate_i_30_V_read |    scalar    |
|gate_i_31_V_read  |  in |   16|   ap_none  | gate_i_31_V_read |    scalar    |
|gate_f_0_V_read   |  in |   16|   ap_none  |  gate_f_0_V_read |    scalar    |
|gate_f_1_V_read   |  in |   16|   ap_none  |  gate_f_1_V_read |    scalar    |
|gate_f_2_V_read   |  in |   16|   ap_none  |  gate_f_2_V_read |    scalar    |
|gate_f_3_V_read   |  in |   16|   ap_none  |  gate_f_3_V_read |    scalar    |
|gate_f_4_V_read   |  in |   16|   ap_none  |  gate_f_4_V_read |    scalar    |
|gate_f_5_V_read   |  in |   16|   ap_none  |  gate_f_5_V_read |    scalar    |
|gate_f_6_V_read   |  in |   16|   ap_none  |  gate_f_6_V_read |    scalar    |
|gate_f_7_V_read   |  in |   16|   ap_none  |  gate_f_7_V_read |    scalar    |
|gate_f_8_V_read   |  in |   16|   ap_none  |  gate_f_8_V_read |    scalar    |
|gate_f_9_V_read   |  in |   16|   ap_none  |  gate_f_9_V_read |    scalar    |
|gate_f_10_V_read  |  in |   16|   ap_none  | gate_f_10_V_read |    scalar    |
|gate_f_11_V_read  |  in |   16|   ap_none  | gate_f_11_V_read |    scalar    |
|gate_f_12_V_read  |  in |   16|   ap_none  | gate_f_12_V_read |    scalar    |
|gate_f_13_V_read  |  in |   16|   ap_none  | gate_f_13_V_read |    scalar    |
|gate_f_14_V_read  |  in |   16|   ap_none  | gate_f_14_V_read |    scalar    |
|gate_f_15_V_read  |  in |   16|   ap_none  | gate_f_15_V_read |    scalar    |
|gate_f_16_V_read  |  in |   16|   ap_none  | gate_f_16_V_read |    scalar    |
|gate_f_17_V_read  |  in |   16|   ap_none  | gate_f_17_V_read |    scalar    |
|gate_f_18_V_read  |  in |   16|   ap_none  | gate_f_18_V_read |    scalar    |
|gate_f_19_V_read  |  in |   16|   ap_none  | gate_f_19_V_read |    scalar    |
|gate_f_20_V_read  |  in |   16|   ap_none  | gate_f_20_V_read |    scalar    |
|gate_f_21_V_read  |  in |   16|   ap_none  | gate_f_21_V_read |    scalar    |
|gate_f_22_V_read  |  in |   16|   ap_none  | gate_f_22_V_read |    scalar    |
|gate_f_23_V_read  |  in |   16|   ap_none  | gate_f_23_V_read |    scalar    |
|gate_f_24_V_read  |  in |   16|   ap_none  | gate_f_24_V_read |    scalar    |
|gate_f_25_V_read  |  in |   16|   ap_none  | gate_f_25_V_read |    scalar    |
|gate_f_26_V_read  |  in |   16|   ap_none  | gate_f_26_V_read |    scalar    |
|gate_f_27_V_read  |  in |   16|   ap_none  | gate_f_27_V_read |    scalar    |
|gate_f_28_V_read  |  in |   16|   ap_none  | gate_f_28_V_read |    scalar    |
|gate_f_29_V_read  |  in |   16|   ap_none  | gate_f_29_V_read |    scalar    |
|gate_f_30_V_read  |  in |   16|   ap_none  | gate_f_30_V_read |    scalar    |
|gate_f_31_V_read  |  in |   16|   ap_none  | gate_f_31_V_read |    scalar    |
|gate_g_0_V_read   |  in |   16|   ap_none  |  gate_g_0_V_read |    scalar    |
|gate_g_1_V_read   |  in |   16|   ap_none  |  gate_g_1_V_read |    scalar    |
|gate_g_2_V_read   |  in |   16|   ap_none  |  gate_g_2_V_read |    scalar    |
|gate_g_3_V_read   |  in |   16|   ap_none  |  gate_g_3_V_read |    scalar    |
|gate_g_4_V_read   |  in |   16|   ap_none  |  gate_g_4_V_read |    scalar    |
|gate_g_5_V_read   |  in |   16|   ap_none  |  gate_g_5_V_read |    scalar    |
|gate_g_6_V_read   |  in |   16|   ap_none  |  gate_g_6_V_read |    scalar    |
|gate_g_7_V_read   |  in |   16|   ap_none  |  gate_g_7_V_read |    scalar    |
|gate_g_8_V_read   |  in |   16|   ap_none  |  gate_g_8_V_read |    scalar    |
|gate_g_9_V_read   |  in |   16|   ap_none  |  gate_g_9_V_read |    scalar    |
|gate_g_10_V_read  |  in |   16|   ap_none  | gate_g_10_V_read |    scalar    |
|gate_g_11_V_read  |  in |   16|   ap_none  | gate_g_11_V_read |    scalar    |
|gate_g_12_V_read  |  in |   16|   ap_none  | gate_g_12_V_read |    scalar    |
|gate_g_13_V_read  |  in |   16|   ap_none  | gate_g_13_V_read |    scalar    |
|gate_g_14_V_read  |  in |   16|   ap_none  | gate_g_14_V_read |    scalar    |
|gate_g_15_V_read  |  in |   16|   ap_none  | gate_g_15_V_read |    scalar    |
|gate_g_16_V_read  |  in |   16|   ap_none  | gate_g_16_V_read |    scalar    |
|gate_g_17_V_read  |  in |   16|   ap_none  | gate_g_17_V_read |    scalar    |
|gate_g_18_V_read  |  in |   16|   ap_none  | gate_g_18_V_read |    scalar    |
|gate_g_19_V_read  |  in |   16|   ap_none  | gate_g_19_V_read |    scalar    |
|gate_g_20_V_read  |  in |   16|   ap_none  | gate_g_20_V_read |    scalar    |
|gate_g_21_V_read  |  in |   16|   ap_none  | gate_g_21_V_read |    scalar    |
|gate_g_22_V_read  |  in |   16|   ap_none  | gate_g_22_V_read |    scalar    |
|gate_g_23_V_read  |  in |   16|   ap_none  | gate_g_23_V_read |    scalar    |
|gate_g_24_V_read  |  in |   16|   ap_none  | gate_g_24_V_read |    scalar    |
|gate_g_25_V_read  |  in |   16|   ap_none  | gate_g_25_V_read |    scalar    |
|gate_g_26_V_read  |  in |   16|   ap_none  | gate_g_26_V_read |    scalar    |
|gate_g_27_V_read  |  in |   16|   ap_none  | gate_g_27_V_read |    scalar    |
|gate_g_28_V_read  |  in |   16|   ap_none  | gate_g_28_V_read |    scalar    |
|gate_g_29_V_read  |  in |   16|   ap_none  | gate_g_29_V_read |    scalar    |
|gate_g_30_V_read  |  in |   16|   ap_none  | gate_g_30_V_read |    scalar    |
|gate_g_31_V_read  |  in |   16|   ap_none  | gate_g_31_V_read |    scalar    |
|gate_o_0_V_read   |  in |   16|   ap_none  |  gate_o_0_V_read |    scalar    |
|gate_o_1_V_read   |  in |   16|   ap_none  |  gate_o_1_V_read |    scalar    |
|gate_o_2_V_read   |  in |   16|   ap_none  |  gate_o_2_V_read |    scalar    |
|gate_o_3_V_read   |  in |   16|   ap_none  |  gate_o_3_V_read |    scalar    |
|gate_o_4_V_read   |  in |   16|   ap_none  |  gate_o_4_V_read |    scalar    |
|gate_o_5_V_read   |  in |   16|   ap_none  |  gate_o_5_V_read |    scalar    |
|gate_o_6_V_read   |  in |   16|   ap_none  |  gate_o_6_V_read |    scalar    |
|gate_o_7_V_read   |  in |   16|   ap_none  |  gate_o_7_V_read |    scalar    |
|gate_o_8_V_read   |  in |   16|   ap_none  |  gate_o_8_V_read |    scalar    |
|gate_o_9_V_read   |  in |   16|   ap_none  |  gate_o_9_V_read |    scalar    |
|gate_o_10_V_read  |  in |   16|   ap_none  | gate_o_10_V_read |    scalar    |
|gate_o_11_V_read  |  in |   16|   ap_none  | gate_o_11_V_read |    scalar    |
|gate_o_12_V_read  |  in |   16|   ap_none  | gate_o_12_V_read |    scalar    |
|gate_o_13_V_read  |  in |   16|   ap_none  | gate_o_13_V_read |    scalar    |
|gate_o_14_V_read  |  in |   16|   ap_none  | gate_o_14_V_read |    scalar    |
|gate_o_15_V_read  |  in |   16|   ap_none  | gate_o_15_V_read |    scalar    |
|gate_o_16_V_read  |  in |   16|   ap_none  | gate_o_16_V_read |    scalar    |
|gate_o_17_V_read  |  in |   16|   ap_none  | gate_o_17_V_read |    scalar    |
|gate_o_18_V_read  |  in |   16|   ap_none  | gate_o_18_V_read |    scalar    |
|gate_o_19_V_read  |  in |   16|   ap_none  | gate_o_19_V_read |    scalar    |
|gate_o_20_V_read  |  in |   16|   ap_none  | gate_o_20_V_read |    scalar    |
|gate_o_21_V_read  |  in |   16|   ap_none  | gate_o_21_V_read |    scalar    |
|gate_o_22_V_read  |  in |   16|   ap_none  | gate_o_22_V_read |    scalar    |
|gate_o_23_V_read  |  in |   16|   ap_none  | gate_o_23_V_read |    scalar    |
|gate_o_24_V_read  |  in |   16|   ap_none  | gate_o_24_V_read |    scalar    |
|gate_o_25_V_read  |  in |   16|   ap_none  | gate_o_25_V_read |    scalar    |
|gate_o_26_V_read  |  in |   16|   ap_none  | gate_o_26_V_read |    scalar    |
|gate_o_27_V_read  |  in |   16|   ap_none  | gate_o_27_V_read |    scalar    |
|gate_o_28_V_read  |  in |   16|   ap_none  | gate_o_28_V_read |    scalar    |
|gate_o_29_V_read  |  in |   16|   ap_none  | gate_o_29_V_read |    scalar    |
|gate_o_30_V_read  |  in |   16|   ap_none  | gate_o_30_V_read |    scalar    |
|gate_o_31_V_read  |  in |   16|   ap_none  | gate_o_31_V_read |    scalar    |
|c_pre_0_V_read    |  in |   16|   ap_none  |  c_pre_0_V_read  |    scalar    |
|c_pre_1_V_read    |  in |   16|   ap_none  |  c_pre_1_V_read  |    scalar    |
|c_pre_2_V_read    |  in |   16|   ap_none  |  c_pre_2_V_read  |    scalar    |
|c_pre_3_V_read    |  in |   16|   ap_none  |  c_pre_3_V_read  |    scalar    |
|c_pre_4_V_read    |  in |   16|   ap_none  |  c_pre_4_V_read  |    scalar    |
|c_pre_5_V_read    |  in |   16|   ap_none  |  c_pre_5_V_read  |    scalar    |
|c_pre_6_V_read    |  in |   16|   ap_none  |  c_pre_6_V_read  |    scalar    |
|c_pre_7_V_read    |  in |   16|   ap_none  |  c_pre_7_V_read  |    scalar    |
|c_pre_8_V_read    |  in |   16|   ap_none  |  c_pre_8_V_read  |    scalar    |
|c_pre_9_V_read    |  in |   16|   ap_none  |  c_pre_9_V_read  |    scalar    |
|c_pre_10_V_read   |  in |   16|   ap_none  |  c_pre_10_V_read |    scalar    |
|c_pre_11_V_read   |  in |   16|   ap_none  |  c_pre_11_V_read |    scalar    |
|c_pre_12_V_read   |  in |   16|   ap_none  |  c_pre_12_V_read |    scalar    |
|c_pre_13_V_read   |  in |   16|   ap_none  |  c_pre_13_V_read |    scalar    |
|c_pre_14_V_read   |  in |   16|   ap_none  |  c_pre_14_V_read |    scalar    |
|c_pre_15_V_read   |  in |   16|   ap_none  |  c_pre_15_V_read |    scalar    |
|c_pre_16_V_read   |  in |   16|   ap_none  |  c_pre_16_V_read |    scalar    |
|c_pre_17_V_read   |  in |   16|   ap_none  |  c_pre_17_V_read |    scalar    |
|c_pre_18_V_read   |  in |   16|   ap_none  |  c_pre_18_V_read |    scalar    |
|c_pre_19_V_read   |  in |   16|   ap_none  |  c_pre_19_V_read |    scalar    |
|c_pre_20_V_read   |  in |   16|   ap_none  |  c_pre_20_V_read |    scalar    |
|c_pre_21_V_read   |  in |   16|   ap_none  |  c_pre_21_V_read |    scalar    |
|c_pre_22_V_read   |  in |   16|   ap_none  |  c_pre_22_V_read |    scalar    |
|c_pre_23_V_read   |  in |   16|   ap_none  |  c_pre_23_V_read |    scalar    |
|c_pre_24_V_read   |  in |   16|   ap_none  |  c_pre_24_V_read |    scalar    |
|c_pre_25_V_read   |  in |   16|   ap_none  |  c_pre_25_V_read |    scalar    |
|c_pre_26_V_read   |  in |   16|   ap_none  |  c_pre_26_V_read |    scalar    |
|c_pre_27_V_read   |  in |   16|   ap_none  |  c_pre_27_V_read |    scalar    |
|c_pre_28_V_read   |  in |   16|   ap_none  |  c_pre_28_V_read |    scalar    |
|c_pre_29_V_read   |  in |   16|   ap_none  |  c_pre_29_V_read |    scalar    |
|c_pre_30_V_read   |  in |   16|   ap_none  |  c_pre_30_V_read |    scalar    |
|c_pre_31_V_read   |  in |   16|   ap_none  |  c_pre_31_V_read |    scalar    |
+------------------+-----+-----+------------+------------------+--------------+

